<?xml version="1.0" encoding="UTF-8"?>
<coverage generated="1512617459916" clover="3.2.0">
  <project timestamp="1512617459917" name="All files">
    <metrics statements="15" coveredstatements="0" conditionals="56" coveredconditionals="0" methods="25" coveredmethods="0" elements="96" coveredelements="0" complexity="0" loc="15" ncloc="15" packages="2" files="2" classes="2">
      <package name="src">
        <metrics statements="7" coveredstatements="0" conditionals="6" coveredconditionals="0" methods="2" coveredmethods="0"/>
        <file name="App.vue" path="/Users/sowaylaoli/Desktop/lishiyu99/src/App.vue">
          <metrics statements="7" coveredstatements="0" conditionals="6" coveredconditionals="0" methods="2" coveredmethods="0"/>
          <line num="1" count="0" type="stmt"/>
          <line num="4" count="0" type="stmt"/>
          <line num="14" count="0" type="stmt"/>
          <line num="18" count="0" type="cond" truecount="0" falsecount="2"/>
          <line num="19" count="0" type="cond" truecount="0" falsecount="2"/>
          <line num="20" count="0" type="cond" truecount="0" falsecount="2"/>
          <line num="21" count="0" type="stmt"/>
        </file>
      </package>
      <package name="src.components">
        <metrics statements="8" coveredstatements="0" conditionals="50" coveredconditionals="0" methods="23" coveredmethods="0"/>
        <file name="HelloWorld.vue" path="/Users/sowaylaoli/Desktop/lishiyu99/src/components/HelloWorld.vue">
          <metrics statements="8" coveredstatements="0" conditionals="50" coveredconditionals="0" methods="23" coveredmethods="0"/>
          <line num="1" count="0" type="stmt"/>
          <line num="4" count="0" type="stmt"/>
          <line num="908" count="0" type="stmt"/>
          <line num="911" count="0" type="stmt"/>
          <line num="917" count="0" type="cond" truecount="0" falsecount="2"/>
          <line num="918" count="0" type="cond" truecount="0" falsecount="2"/>
          <line num="919" count="0" type="cond" truecount="0" falsecount="4"/>
          <line num="920" count="0" type="cond" truecount="0" falsecount="42"/>
        </file>
      </package>
    </metrics>
  </project>
</coverage>
