{"/Users/sowaylaoli/Desktop/lishiyu99/src/App.vue": {"path":"/Users/sowaylaoli/Desktop/lishiyu99/src/App.vue","statementMap":{"0":{"start":{"line":1,"column":1},"end":{"line":17,"column":4}},"1":{"start":{"line":4,"column":0},"end":{"line":6,"column":3}},"2":{"start":{"line":14,"column":0},"end":{"line":16,"column":2}},"3":{"start":{"line":18,"column":0},"end":{"line":18,"column":70}},"4":{"start":{"line":18,"column":31},"end":{"line":18,"column":70}},"5":{"start":{"line":19,"column":24},"end":{"line":19,"column":100}},"6":{"start":{"line":20,"column":0},"end":{"line":20,"column":169}},"7":{"start":{"line":20,"column":54},"end":{"line":20,"column":58}},"8":{"start":{"line":20,"column":66},"end":{"line":20,"column":84}},"9":{"start":{"line":20,"column":92},"end":{"line":20,"column":108}},"10":{"start":{"line":20,"column":109},"end":{"line":20,"column":168}},"11":{"start":{"line":21,"column":0},"end":{"line":21,"column":37}}},"fnMap":{"0":{"name":"(anonymous_0)","decl":{"start":{"line":1,"column":2},"end":{"line":1,"column":3}},"loc":{"start":{"line":1,"column":12},"end":{"line":17,"column":1}},"line":1},"1":{"name":"render","decl":{"start":{"line":20,"column":35},"end":{"line":20,"column":41}},"loc":{"start":{"line":20,"column":45},"end":{"line":20,"column":169}},"line":20}},"branchMap":{"0":{"loc":{"start":{"line":18,"column":0},"end":{"line":18,"column":70}},"type":"if","locations":[{"start":{"line":18,"column":0},"end":{"line":18,"column":70}},{"start":{"line":18,"column":0},"end":{"line":18,"column":70}}],"line":18},"1":{"loc":{"start":{"line":19,"column":24},"end":{"line":19,"column":100}},"type":"cond-expr","locations":[{"start":{"line":19,"column":62},"end":{"line":19,"column":84}},{"start":{"line":19,"column":86},"end":{"line":19,"column":100}}],"line":19},"2":{"loc":{"start":{"line":20,"column":92},"end":{"line":20,"column":108}},"type":"binary-expr","locations":[{"start":{"line":20,"column":92},"end":{"line":20,"column":104}},{"start":{"line":20,"column":106},"end":{"line":20,"column":108}}],"line":20}},"s":{"0":0,"1":0,"2":0,"3":0,"4":0,"5":0,"6":0,"7":0,"8":0,"9":0,"10":0,"11":0},"f":{"0":0,"1":0},"b":{"0":[0,0],"1":[0,0],"2":[0,0]}}
,"/Users/sowaylaoli/Desktop/lishiyu99/src/components/HelloWorld.vue": {"path":"/Users/sowaylaoli/Desktop/lishiyu99/src/components/HelloWorld.vue","statementMap":{"0":{"start":{"line":1,"column":1},"end":{"line":916,"column":4}},"1":{"start":{"line":4,"column":0},"end":{"line":6,"column":3}},"2":{"start":{"line":908,"column":0},"end":{"line":915,"column":2}},"3":{"start":{"line":911,"column":4},"end":{"line":913,"column":6}},"4":{"start":{"line":917,"column":0},"end":{"line":917,"column":70}},"5":{"start":{"line":917,"column":31},"end":{"line":917,"column":70}},"6":{"start":{"line":918,"column":24},"end":{"line":918,"column":100}},"7":{"start":{"line":919,"column":0},"end":{"line":919,"column":1550}},"8":{"start":{"line":919,"column":54},"end":{"line":919,"column":58}},"9":{"start":{"line":919,"column":66},"end":{"line":919,"column":84}},"10":{"start":{"line":919,"column":92},"end":{"line":919,"column":108}},"11":{"start":{"line":919,"column":109},"end":{"line":919,"column":1549}},"12":{"start":{"line":920,"column":0},"end":{"line":920,"column":31848}},"13":{"start":{"line":920,"column":64},"end":{"line":920,"column":68}},"14":{"start":{"line":920,"column":76},"end":{"line":920,"column":94}},"15":{"start":{"line":920,"column":102},"end":{"line":920,"column":118}},"16":{"start":{"line":920,"column":119},"end":{"line":920,"column":261}},"17":{"start":{"line":920,"column":291},"end":{"line":920,"column":295}},"18":{"start":{"line":920,"column":303},"end":{"line":920,"column":321}},"19":{"start":{"line":920,"column":329},"end":{"line":920,"column":345}},"20":{"start":{"line":920,"column":346},"end":{"line":920,"column":1948}},"21":{"start":{"line":920,"column":1978},"end":{"line":920,"column":1982}},"22":{"start":{"line":920,"column":1990},"end":{"line":920,"column":2008}},"23":{"start":{"line":920,"column":2016},"end":{"line":920,"column":2032}},"24":{"start":{"line":920,"column":2033},"end":{"line":920,"column":2421}},"25":{"start":{"line":920,"column":2451},"end":{"line":920,"column":2455}},"26":{"start":{"line":920,"column":2463},"end":{"line":920,"column":2481}},"27":{"start":{"line":920,"column":2489},"end":{"line":920,"column":2505}},"28":{"start":{"line":920,"column":2506},"end":{"line":920,"column":2601}},"29":{"start":{"line":920,"column":2631},"end":{"line":920,"column":2635}},"30":{"start":{"line":920,"column":2643},"end":{"line":920,"column":2661}},"31":{"start":{"line":920,"column":2669},"end":{"line":920,"column":2685}},"32":{"start":{"line":920,"column":2686},"end":{"line":920,"column":3322}},"33":{"start":{"line":920,"column":3352},"end":{"line":920,"column":3356}},"34":{"start":{"line":920,"column":3364},"end":{"line":920,"column":3382}},"35":{"start":{"line":920,"column":3390},"end":{"line":920,"column":3406}},"36":{"start":{"line":920,"column":3407},"end":{"line":920,"column":3568}},"37":{"start":{"line":920,"column":3598},"end":{"line":920,"column":3602}},"38":{"start":{"line":920,"column":3610},"end":{"line":920,"column":3628}},"39":{"start":{"line":920,"column":3636},"end":{"line":920,"column":3652}},"40":{"start":{"line":920,"column":3653},"end":{"line":920,"column":3823}},"41":{"start":{"line":920,"column":3853},"end":{"line":920,"column":3857}},"42":{"start":{"line":920,"column":3865},"end":{"line":920,"column":3883}},"43":{"start":{"line":920,"column":3891},"end":{"line":920,"column":3907}},"44":{"start":{"line":920,"column":3908},"end":{"line":920,"column":4084}},"45":{"start":{"line":920,"column":4114},"end":{"line":920,"column":4118}},"46":{"start":{"line":920,"column":4126},"end":{"line":920,"column":4144}},"47":{"start":{"line":920,"column":4152},"end":{"line":920,"column":4168}},"48":{"start":{"line":920,"column":4169},"end":{"line":920,"column":4332}},"49":{"start":{"line":920,"column":4362},"end":{"line":920,"column":4366}},"50":{"start":{"line":920,"column":4374},"end":{"line":920,"column":4392}},"51":{"start":{"line":920,"column":4400},"end":{"line":920,"column":4416}},"52":{"start":{"line":920,"column":4417},"end":{"line":920,"column":4583}},"53":{"start":{"line":920,"column":4613},"end":{"line":920,"column":4617}},"54":{"start":{"line":920,"column":4625},"end":{"line":920,"column":4643}},"55":{"start":{"line":920,"column":4651},"end":{"line":920,"column":4667}},"56":{"start":{"line":920,"column":4668},"end":{"line":920,"column":4834}},"57":{"start":{"line":920,"column":4864},"end":{"line":920,"column":4868}},"58":{"start":{"line":920,"column":4876},"end":{"line":920,"column":4894}},"59":{"start":{"line":920,"column":4902},"end":{"line":920,"column":4918}},"60":{"start":{"line":920,"column":4919},"end":{"line":920,"column":7720}},"61":{"start":{"line":920,"column":7750},"end":{"line":920,"column":7754}},"62":{"start":{"line":920,"column":7762},"end":{"line":920,"column":7780}},"63":{"start":{"line":920,"column":7788},"end":{"line":920,"column":7804}},"64":{"start":{"line":920,"column":7805},"end":{"line":920,"column":11331}},"65":{"start":{"line":920,"column":11361},"end":{"line":920,"column":11365}},"66":{"start":{"line":920,"column":11373},"end":{"line":920,"column":11391}},"67":{"start":{"line":920,"column":11399},"end":{"line":920,"column":11415}},"68":{"start":{"line":920,"column":11416},"end":{"line":920,"column":15957}},"69":{"start":{"line":920,"column":15987},"end":{"line":920,"column":15991}},"70":{"start":{"line":920,"column":15999},"end":{"line":920,"column":16017}},"71":{"start":{"line":920,"column":16025},"end":{"line":920,"column":16041}},"72":{"start":{"line":920,"column":16042},"end":{"line":920,"column":16182}},"73":{"start":{"line":920,"column":16212},"end":{"line":920,"column":16216}},"74":{"start":{"line":920,"column":16224},"end":{"line":920,"column":16242}},"75":{"start":{"line":920,"column":16250},"end":{"line":920,"column":16266}},"76":{"start":{"line":920,"column":16267},"end":{"line":920,"column":18139}},"77":{"start":{"line":920,"column":18169},"end":{"line":920,"column":18173}},"78":{"start":{"line":920,"column":18181},"end":{"line":920,"column":18199}},"79":{"start":{"line":920,"column":18207},"end":{"line":920,"column":18223}},"80":{"start":{"line":920,"column":18224},"end":{"line":920,"column":22761}},"81":{"start":{"line":920,"column":22791},"end":{"line":920,"column":22795}},"82":{"start":{"line":920,"column":22803},"end":{"line":920,"column":22821}},"83":{"start":{"line":920,"column":22829},"end":{"line":920,"column":22845}},"84":{"start":{"line":920,"column":22846},"end":{"line":920,"column":24652}},"85":{"start":{"line":920,"column":24682},"end":{"line":920,"column":24686}},"86":{"start":{"line":920,"column":24694},"end":{"line":920,"column":24712}},"87":{"start":{"line":920,"column":24720},"end":{"line":920,"column":24736}},"88":{"start":{"line":920,"column":24737},"end":{"line":920,"column":29515}},"89":{"start":{"line":920,"column":29545},"end":{"line":920,"column":29549}},"90":{"start":{"line":920,"column":29557},"end":{"line":920,"column":29575}},"91":{"start":{"line":920,"column":29583},"end":{"line":920,"column":29599}},"92":{"start":{"line":920,"column":29600},"end":{"line":920,"column":30839}},"93":{"start":{"line":920,"column":30869},"end":{"line":920,"column":30873}},"94":{"start":{"line":920,"column":30881},"end":{"line":920,"column":30899}},"95":{"start":{"line":920,"column":30907},"end":{"line":920,"column":30923}},"96":{"start":{"line":920,"column":30924},"end":{"line":920,"column":31846}}},"fnMap":{"0":{"name":"(anonymous_0)","decl":{"start":{"line":1,"column":2},"end":{"line":1,"column":3}},"loc":{"start":{"line":1,"column":12},"end":{"line":916,"column":1}},"line":1},"1":{"name":"render","decl":{"start":{"line":919,"column":35},"end":{"line":919,"column":41}},"loc":{"start":{"line":919,"column":45},"end":{"line":919,"column":1550}},"line":919},"2":{"name":"render","decl":{"start":{"line":920,"column":45},"end":{"line":920,"column":51}},"loc":{"start":{"line":920,"column":55},"end":{"line":920,"column":262}},"line":920},"3":{"name":"render","decl":{"start":{"line":920,"column":272},"end":{"line":920,"column":278}},"loc":{"start":{"line":920,"column":282},"end":{"line":920,"column":1949}},"line":920},"4":{"name":"render","decl":{"start":{"line":920,"column":1959},"end":{"line":920,"column":1965}},"loc":{"start":{"line":920,"column":1969},"end":{"line":920,"column":2422}},"line":920},"5":{"name":"render","decl":{"start":{"line":920,"column":2432},"end":{"line":920,"column":2438}},"loc":{"start":{"line":920,"column":2442},"end":{"line":920,"column":2602}},"line":920},"6":{"name":"render","decl":{"start":{"line":920,"column":2612},"end":{"line":920,"column":2618}},"loc":{"start":{"line":920,"column":2622},"end":{"line":920,"column":3323}},"line":920},"7":{"name":"render","decl":{"start":{"line":920,"column":3333},"end":{"line":920,"column":3339}},"loc":{"start":{"line":920,"column":3343},"end":{"line":920,"column":3569}},"line":920},"8":{"name":"render","decl":{"start":{"line":920,"column":3579},"end":{"line":920,"column":3585}},"loc":{"start":{"line":920,"column":3589},"end":{"line":920,"column":3824}},"line":920},"9":{"name":"render","decl":{"start":{"line":920,"column":3834},"end":{"line":920,"column":3840}},"loc":{"start":{"line":920,"column":3844},"end":{"line":920,"column":4085}},"line":920},"10":{"name":"render","decl":{"start":{"line":920,"column":4095},"end":{"line":920,"column":4101}},"loc":{"start":{"line":920,"column":4105},"end":{"line":920,"column":4333}},"line":920},"11":{"name":"render","decl":{"start":{"line":920,"column":4343},"end":{"line":920,"column":4349}},"loc":{"start":{"line":920,"column":4353},"end":{"line":920,"column":4584}},"line":920},"12":{"name":"render","decl":{"start":{"line":920,"column":4594},"end":{"line":920,"column":4600}},"loc":{"start":{"line":920,"column":4604},"end":{"line":920,"column":4835}},"line":920},"13":{"name":"render","decl":{"start":{"line":920,"column":4845},"end":{"line":920,"column":4851}},"loc":{"start":{"line":920,"column":4855},"end":{"line":920,"column":7721}},"line":920},"14":{"name":"render","decl":{"start":{"line":920,"column":7731},"end":{"line":920,"column":7737}},"loc":{"start":{"line":920,"column":7741},"end":{"line":920,"column":11332}},"line":920},"15":{"name":"render","decl":{"start":{"line":920,"column":11342},"end":{"line":920,"column":11348}},"loc":{"start":{"line":920,"column":11352},"end":{"line":920,"column":15958}},"line":920},"16":{"name":"render","decl":{"start":{"line":920,"column":15968},"end":{"line":920,"column":15974}},"loc":{"start":{"line":920,"column":15978},"end":{"line":920,"column":16183}},"line":920},"17":{"name":"render","decl":{"start":{"line":920,"column":16193},"end":{"line":920,"column":16199}},"loc":{"start":{"line":920,"column":16203},"end":{"line":920,"column":18140}},"line":920},"18":{"name":"render","decl":{"start":{"line":920,"column":18150},"end":{"line":920,"column":18156}},"loc":{"start":{"line":920,"column":18160},"end":{"line":920,"column":22762}},"line":920},"19":{"name":"render","decl":{"start":{"line":920,"column":22772},"end":{"line":920,"column":22778}},"loc":{"start":{"line":920,"column":22782},"end":{"line":920,"column":24653}},"line":920},"20":{"name":"render","decl":{"start":{"line":920,"column":24663},"end":{"line":920,"column":24669}},"loc":{"start":{"line":920,"column":24673},"end":{"line":920,"column":29516}},"line":920},"21":{"name":"render","decl":{"start":{"line":920,"column":29526},"end":{"line":920,"column":29532}},"loc":{"start":{"line":920,"column":29536},"end":{"line":920,"column":30840}},"line":920},"22":{"name":"render","decl":{"start":{"line":920,"column":30850},"end":{"line":920,"column":30856}},"loc":{"start":{"line":920,"column":30860},"end":{"line":920,"column":31847}},"line":920}},"branchMap":{"0":{"loc":{"start":{"line":917,"column":0},"end":{"line":917,"column":70}},"type":"if","locations":[{"start":{"line":917,"column":0},"end":{"line":917,"column":70}},{"start":{"line":917,"column":0},"end":{"line":917,"column":70}}],"line":917},"1":{"loc":{"start":{"line":918,"column":24},"end":{"line":918,"column":100}},"type":"cond-expr","locations":[{"start":{"line":918,"column":62},"end":{"line":918,"column":84}},{"start":{"line":918,"column":86},"end":{"line":918,"column":100}}],"line":918},"2":{"loc":{"start":{"line":919,"column":92},"end":{"line":919,"column":108}},"type":"binary-expr","locations":[{"start":{"line":919,"column":92},"end":{"line":919,"column":104}},{"start":{"line":919,"column":106},"end":{"line":919,"column":108}}],"line":919},"3":{"loc":{"start":{"line":919,"column":1003},"end":{"line":919,"column":1175}},"type":"cond-expr","locations":[{"start":{"line":919,"column":1007},"end":{"line":919,"column":1166}},{"start":{"line":919,"column":1167},"end":{"line":919,"column":1175}}],"line":919},"4":{"loc":{"start":{"line":920,"column":102},"end":{"line":920,"column":118}},"type":"binary-expr","locations":[{"start":{"line":920,"column":102},"end":{"line":920,"column":114}},{"start":{"line":920,"column":116},"end":{"line":920,"column":118}}],"line":920},"5":{"loc":{"start":{"line":920,"column":329},"end":{"line":920,"column":345}},"type":"binary-expr","locations":[{"start":{"line":920,"column":329},"end":{"line":920,"column":341}},{"start":{"line":920,"column":343},"end":{"line":920,"column":345}}],"line":920},"6":{"loc":{"start":{"line":920,"column":2016},"end":{"line":920,"column":2032}},"type":"binary-expr","locations":[{"start":{"line":920,"column":2016},"end":{"line":920,"column":2028}},{"start":{"line":920,"column":2030},"end":{"line":920,"column":2032}}],"line":920},"7":{"loc":{"start":{"line":920,"column":2489},"end":{"line":920,"column":2505}},"type":"binary-expr","locations":[{"start":{"line":920,"column":2489},"end":{"line":920,"column":2501}},{"start":{"line":920,"column":2503},"end":{"line":920,"column":2505}}],"line":920},"8":{"loc":{"start":{"line":920,"column":2669},"end":{"line":920,"column":2685}},"type":"binary-expr","locations":[{"start":{"line":920,"column":2669},"end":{"line":920,"column":2681}},{"start":{"line":920,"column":2683},"end":{"line":920,"column":2685}}],"line":920},"9":{"loc":{"start":{"line":920,"column":3390},"end":{"line":920,"column":3406}},"type":"binary-expr","locations":[{"start":{"line":920,"column":3390},"end":{"line":920,"column":3402}},{"start":{"line":920,"column":3404},"end":{"line":920,"column":3406}}],"line":920},"10":{"loc":{"start":{"line":920,"column":3636},"end":{"line":920,"column":3652}},"type":"binary-expr","locations":[{"start":{"line":920,"column":3636},"end":{"line":920,"column":3648}},{"start":{"line":920,"column":3650},"end":{"line":920,"column":3652}}],"line":920},"11":{"loc":{"start":{"line":920,"column":3891},"end":{"line":920,"column":3907}},"type":"binary-expr","locations":[{"start":{"line":920,"column":3891},"end":{"line":920,"column":3903}},{"start":{"line":920,"column":3905},"end":{"line":920,"column":3907}}],"line":920},"12":{"loc":{"start":{"line":920,"column":4152},"end":{"line":920,"column":4168}},"type":"binary-expr","locations":[{"start":{"line":920,"column":4152},"end":{"line":920,"column":4164}},{"start":{"line":920,"column":4166},"end":{"line":920,"column":4168}}],"line":920},"13":{"loc":{"start":{"line":920,"column":4400},"end":{"line":920,"column":4416}},"type":"binary-expr","locations":[{"start":{"line":920,"column":4400},"end":{"line":920,"column":4412}},{"start":{"line":920,"column":4414},"end":{"line":920,"column":4416}}],"line":920},"14":{"loc":{"start":{"line":920,"column":4651},"end":{"line":920,"column":4667}},"type":"binary-expr","locations":[{"start":{"line":920,"column":4651},"end":{"line":920,"column":4663}},{"start":{"line":920,"column":4665},"end":{"line":920,"column":4667}}],"line":920},"15":{"loc":{"start":{"line":920,"column":4902},"end":{"line":920,"column":4918}},"type":"binary-expr","locations":[{"start":{"line":920,"column":4902},"end":{"line":920,"column":4914}},{"start":{"line":920,"column":4916},"end":{"line":920,"column":4918}}],"line":920},"16":{"loc":{"start":{"line":920,"column":7788},"end":{"line":920,"column":7804}},"type":"binary-expr","locations":[{"start":{"line":920,"column":7788},"end":{"line":920,"column":7800}},{"start":{"line":920,"column":7802},"end":{"line":920,"column":7804}}],"line":920},"17":{"loc":{"start":{"line":920,"column":11399},"end":{"line":920,"column":11415}},"type":"binary-expr","locations":[{"start":{"line":920,"column":11399},"end":{"line":920,"column":11411}},{"start":{"line":920,"column":11413},"end":{"line":920,"column":11415}}],"line":920},"18":{"loc":{"start":{"line":920,"column":16025},"end":{"line":920,"column":16041}},"type":"binary-expr","locations":[{"start":{"line":920,"column":16025},"end":{"line":920,"column":16037}},{"start":{"line":920,"column":16039},"end":{"line":920,"column":16041}}],"line":920},"19":{"loc":{"start":{"line":920,"column":16250},"end":{"line":920,"column":16266}},"type":"binary-expr","locations":[{"start":{"line":920,"column":16250},"end":{"line":920,"column":16262}},{"start":{"line":920,"column":16264},"end":{"line":920,"column":16266}}],"line":920},"20":{"loc":{"start":{"line":920,"column":18207},"end":{"line":920,"column":18223}},"type":"binary-expr","locations":[{"start":{"line":920,"column":18207},"end":{"line":920,"column":18219}},{"start":{"line":920,"column":18221},"end":{"line":920,"column":18223}}],"line":920},"21":{"loc":{"start":{"line":920,"column":22829},"end":{"line":920,"column":22845}},"type":"binary-expr","locations":[{"start":{"line":920,"column":22829},"end":{"line":920,"column":22841}},{"start":{"line":920,"column":22843},"end":{"line":920,"column":22845}}],"line":920},"22":{"loc":{"start":{"line":920,"column":24720},"end":{"line":920,"column":24736}},"type":"binary-expr","locations":[{"start":{"line":920,"column":24720},"end":{"line":920,"column":24732}},{"start":{"line":920,"column":24734},"end":{"line":920,"column":24736}}],"line":920},"23":{"loc":{"start":{"line":920,"column":29583},"end":{"line":920,"column":29599}},"type":"binary-expr","locations":[{"start":{"line":920,"column":29583},"end":{"line":920,"column":29595}},{"start":{"line":920,"column":29597},"end":{"line":920,"column":29599}}],"line":920},"24":{"loc":{"start":{"line":920,"column":30907},"end":{"line":920,"column":30923}},"type":"binary-expr","locations":[{"start":{"line":920,"column":30907},"end":{"line":920,"column":30919}},{"start":{"line":920,"column":30921},"end":{"line":920,"column":30923}}],"line":920}},"s":{"0":0,"1":0,"2":0,"3":0,"4":0,"5":0,"6":0,"7":0,"8":0,"9":0,"10":0,"11":0,"12":0,"13":0,"14":0,"15":0,"16":0,"17":0,"18":0,"19":0,"20":0,"21":0,"22":0,"23":0,"24":0,"25":0,"26":0,"27":0,"28":0,"29":0,"30":0,"31":0,"32":0,"33":0,"34":0,"35":0,"36":0,"37":0,"38":0,"39":0,"40":0,"41":0,"42":0,"43":0,"44":0,"45":0,"46":0,"47":0,"48":0,"49":0,"50":0,"51":0,"52":0,"53":0,"54":0,"55":0,"56":0,"57":0,"58":0,"59":0,"60":0,"61":0,"62":0,"63":0,"64":0,"65":0,"66":0,"67":0,"68":0,"69":0,"70":0,"71":0,"72":0,"73":0,"74":0,"75":0,"76":0,"77":0,"78":0,"79":0,"80":0,"81":0,"82":0,"83":0,"84":0,"85":0,"86":0,"87":0,"88":0,"89":0,"90":0,"91":0,"92":0,"93":0,"94":0,"95":0,"96":0},"f":{"0":0,"1":0,"2":0,"3":0,"4":0,"5":0,"6":0,"7":0,"8":0,"9":0,"10":0,"11":0,"12":0,"13":0,"14":0,"15":0,"16":0,"17":0,"18":0,"19":0,"20":0,"21":0,"22":0},"b":{"0":[0,0],"1":[0,0],"2":[0,0],"3":[0,0],"4":[0,0],"5":[0,0],"6":[0,0],"7":[0,0],"8":[0,0],"9":[0,0],"10":[0,0],"11":[0,0],"12":[0,0],"13":[0,0],"14":[0,0],"15":[0,0],"16":[0,0],"17":[0,0],"18":[0,0],"19":[0,0],"20":[0,0],"21":[0,0],"22":[0,0],"23":[0,0],"24":[0,0]}}
}
