TN:
SF:/Users/sowaylaoli/Desktop/lishiyu99/src/App.vue
FN:1,(anonymous_0)
FN:20,render
FNF:2
FNH:0
FNDA:0,(anonymous_0)
FNDA:0,render
DA:1,0
DA:4,0
DA:14,0
DA:18,0
DA:19,0
DA:20,0
DA:21,0
LF:7
LH:0
BRDA:18,0,0,0
BRDA:18,0,1,0
BRDA:19,1,0,0
BRDA:19,1,1,0
BRDA:20,2,0,0
BRDA:20,2,1,0
BRF:6
BRH:0
end_of_record
TN:
SF:/Users/sowaylaoli/Desktop/lishiyu99/src/components/HelloWorld.vue
FN:1,(anonymous_0)
FN:919,render
FN:920,render
FN:920,render
FN:920,render
FN:920,render
FN:920,render
FN:920,render
FN:920,render
FN:920,render
FN:920,render
FN:920,render
FN:920,render
FN:920,render
FN:920,render
FN:920,render
FN:920,render
FN:920,render
FN:920,render
FN:920,render
FN:920,render
FN:920,render
FN:920,render
FNF:23
FNH:0
FNDA:0,(anonymous_0)
FNDA:0,render
FNDA:0,render
FNDA:0,render
FNDA:0,render
FNDA:0,render
FNDA:0,render
FNDA:0,render
FNDA:0,render
FNDA:0,render
FNDA:0,render
FNDA:0,render
FNDA:0,render
FNDA:0,render
FNDA:0,render
FNDA:0,render
FNDA:0,render
FNDA:0,render
FNDA:0,render
FNDA:0,render
FNDA:0,render
FNDA:0,render
FNDA:0,render
DA:1,0
DA:4,0
DA:908,0
DA:911,0
DA:917,0
DA:918,0
DA:919,0
DA:920,0
LF:8
LH:0
BRDA:917,0,0,0
BRDA:917,0,1,0
BRDA:918,1,0,0
BRDA:918,1,1,0
BRDA:919,2,0,0
BRDA:919,2,1,0
BRDA:919,3,0,0
BRDA:919,3,1,0
BRDA:920,4,0,0
BRDA:920,4,1,0
BRDA:920,5,0,0
BRDA:920,5,1,0
BRDA:920,6,0,0
BRDA:920,6,1,0
BRDA:920,7,0,0
BRDA:920,7,1,0
BRDA:920,8,0,0
BRDA:920,8,1,0
BRDA:920,9,0,0
BRDA:920,9,1,0
BRDA:920,10,0,0
BRDA:920,10,1,0
BRDA:920,11,0,0
BRDA:920,11,1,0
BRDA:920,12,0,0
BRDA:920,12,1,0
BRDA:920,13,0,0
BRDA:920,13,1,0
BRDA:920,14,0,0
BRDA:920,14,1,0
BRDA:920,15,0,0
BRDA:920,15,1,0
BRDA:920,16,0,0
BRDA:920,16,1,0
BRDA:920,17,0,0
BRDA:920,17,1,0
BRDA:920,18,0,0
BRDA:920,18,1,0
BRDA:920,19,0,0
BRDA:920,19,1,0
BRDA:920,20,0,0
BRDA:920,20,1,0
BRDA:920,21,0,0
BRDA:920,21,1,0
BRDA:920,22,0,0
BRDA:920,22,1,0
BRDA:920,23,0,0
BRDA:920,23,1,0
BRDA:920,24,0,0
BRDA:920,24,1,0
BRF:50
BRH:0
end_of_record
